<?xml version="1.0" encoding="UTF-8"?>
<testng-results ignored="0" total="2" passed="2" failed="0" skipped="0">
  <reporter-output>
  </reporter-output>
  <suite started-at="2020-07-16T13:43:25 IST" name="Default suite" finished-at="2020-07-16T13:43:43 IST" duration-ms="18754">
    <groups>
    </groups>
    <test started-at="2020-07-16T13:43:25 IST" name="Default test" finished-at="2020-07-16T13:43:43 IST" duration-ms="18754">
      <class name="com.pom.qa.testcases.NavigateEbayPageTest">
        <test-method signature="verifyFirstItemPrice()[pri:1, instance:com.pom.qa.testcases.NavigateEbayPageTest@78e94dcf]" started-at="2020-07-16T13:43:25 IST" name="verifyFirstItemPrice" finished-at="2020-07-16T13:43:42 IST" duration-ms="17504" status="PASS">
          <reporter-output>
          </reporter-output>
        </test-method> <!-- verifyFirstItemPrice -->
        <test-method signature="ValidateFirstPrlicelist()[pri:2, instance:com.pom.qa.testcases.NavigateEbayPageTest@78e94dcf]" started-at="2020-07-16T13:43:42 IST" name="ValidateFirstPrlicelist" finished-at="2020-07-16T13:43:43 IST" duration-ms="1159" status="PASS">
          <reporter-output>
          </reporter-output>
        </test-method> <!-- ValidateFirstPrlicelist -->
      </class> <!-- com.pom.qa.testcases.NavigateEbayPageTest -->
    </test> <!-- Default test -->
  </suite> <!-- Default suite -->
</testng-results>
