<?xml version="1.0" encoding="UTF-8"?>
<!-- Generated by org.testng.reporters.JUnitXMLReporter -->
<testsuite ignored="0" hostname="Indian-PC" failures="0" tests="2" name="Default test" time="18.754" errors="0" timestamp="2020-07-16T13:43:43 IST">
  <testcase classname="com.pom.qa.testcases.NavigateEbayPageTest" name="verifyFirstItemPrice" time="17.504"/>
  <testcase classname="com.pom.qa.testcases.NavigateEbayPageTest" name="ValidateFirstPrlicelist" time="1.159"/>
</testsuite> <!-- Default test -->
